<testsuites id="" name="" tests="2" failures="1" skipped="0" errors="0" time="30.847628999999998">
<testsuite name="comprehensive-validation.spec.js" timestamp="2025-08-09T12:11:37.342Z" hostname="chromium" tests="2" failures="1" skipped="0" time="46.023" errors="0">
<testcase name="Comprehensive E2E Validation â€º E2E Test Suite Validation Summary" classname="comprehensive-validation.spec.js" time="30.112">
<failure message="comprehensive-validation.spec.js:8:3 E2E Test Suite Validation Summary" type="FAILURE">
<![CDATA[  [chromium] â€º comprehensive-validation.spec.js:8:3 â€º Comprehensive E2E Validation â€º E2E Test Suite Validation Summary 

    Test timeout of 30000ms exceeded.

    Error: page.waitForSelector: Target page, context or browser has been closed

       at utils/test-helpers.js:23

      21 |     } catch {
      22 |       // Fallback: wait for basic page elements
    > 23 |       await page.waitForSelector('body', { timeout: 10000 });
         |                  ^
      24 |     }
      25 |     
      26 |     // Wait for any loading spinners to disappear
        at Function.waitForAppReady (/home/abrasko/Projects/journaling-ai/e2e/utils/test-helpers.js:23:18)
        at Function.navigateToPage (/home/abrasko/Projects/journaling-ai/e2e/utils/test-helpers.js:45:5)
        at /home/abrasko/Projects/journaling-ai/e2e/comprehensive-validation.spec.js:159:5

    attachment #1: screenshot (image/png) â”€â”€â”€â”€â”€â”€â”€â”€â”€â”€â”€â”€â”€â”€â”€â”€â”€â”€â”€â”€â”€â”€â”€â”€â”€â”€â”€â”€â”€â”€â”€â”€â”€â”€â”€â”€â”€â”€â”€â”€â”€â”€â”€â”€â”€â”€â”€â”€â”€â”€â”€â”€â”€â”€â”€â”€â”€â”€
    ../test-results/comprehensive-validation-C-837b3-st-Suite-Validation-Summary-chromium/test-failed-1.png
    â”€â”€â”€â”€â”€â”€â”€â”€â”€â”€â”€â”€â”€â”€â”€â”€â”€â”€â”€â”€â”€â”€â”€â”€â”€â”€â”€â”€â”€â”€â”€â”€â”€â”€â”€â”€â”€â”€â”€â”€â”€â”€â”€â”€â”€â”€â”€â”€â”€â”€â”€â”€â”€â”€â”€â”€â”€â”€â”€â”€â”€â”€â”€â”€â”€â”€â”€â”€â”€â”€â”€â”€â”€â”€â”€â”€â”€â”€â”€â”€â”€â”€â”€â”€â”€â”€â”€â”€â”€â”€â”€â”€â”€â”€â”€â”€

    attachment #2: video (video/webm) â”€â”€â”€â”€â”€â”€â”€â”€â”€â”€â”€â”€â”€â”€â”€â”€â”€â”€â”€â”€â”€â”€â”€â”€â”€â”€â”€â”€â”€â”€â”€â”€â”€â”€â”€â”€â”€â”€â”€â”€â”€â”€â”€â”€â”€â”€â”€â”€â”€â”€â”€â”€â”€â”€â”€â”€â”€â”€â”€â”€â”€â”€
    ../test-results/comprehensive-validation-C-837b3-st-Suite-Validation-Summary-chromium/video.webm
    â”€â”€â”€â”€â”€â”€â”€â”€â”€â”€â”€â”€â”€â”€â”€â”€â”€â”€â”€â”€â”€â”€â”€â”€â”€â”€â”€â”€â”€â”€â”€â”€â”€â”€â”€â”€â”€â”€â”€â”€â”€â”€â”€â”€â”€â”€â”€â”€â”€â”€â”€â”€â”€â”€â”€â”€â”€â”€â”€â”€â”€â”€â”€â”€â”€â”€â”€â”€â”€â”€â”€â”€â”€â”€â”€â”€â”€â”€â”€â”€â”€â”€â”€â”€â”€â”€â”€â”€â”€â”€â”€â”€â”€â”€â”€â”€

    Error Context: ../test-results/comprehensive-validation-C-837b3-st-Suite-Validation-Summary-chromium/error-context.md
]]>
</failure>
<system-out>
<![CDATA[ðŸŽ¯ Running comprehensive E2E test suite validation

ðŸ“‹ Test Category 1: Basic Application Loading
   âœ“ Page loads with title: "Journaling Assistant"
   âœ“ Body element visible: true

ðŸ“‹ Test Category 2: Navigation Structure Analysis
   âœ“ /: Accessible, title: "Journaling Assistant", has content: true
   âœ“ /chat: Accessible, title: "Journaling Assistant", has content: true
   âœ“ /insights: Accessible, title: "Journaling Assistant", has content: true
   âœ“ /topics: Accessible, title: "Journaling Assistant", has content: true

ðŸ“‹ Test Category 3: Interactive Elements Detection
   Interactive Elements Count:
     - buttons: 7
     - links: 5
     - inputs: 1
     - textareas: 0
     - selects: 3
   âœ“ Total interactive elements: 16

ðŸ“‹ Test Category 4: Form Detection
   âœ“ Forms detected: 1
   Form Pattern Detection:
     - login: âš  Not found
     - entry-creation: âš  Not found
     - search: âš  Not found
     - chat: âš  Not found

ðŸ“‹ Test Category 5: API Endpoint Testing
   âœ“ /api/health: HTTP 404
   âœ“ /api/entries: HTTP 404
   âœ“ /api/sessions: HTTP 404
   âœ“ /api/insights: HTTP 404

ðŸ“‹ Test Category 6: Accessibility Features
   Accessibility Features:
     - Main headings: âœ“ Present
     - Alt text on images: âš  Missing
     - Form labels: âœ“ Present
     - Semantic markup: âœ“ Present
     - ARIA attributes: âš  Missing

ðŸ“‹ Test Category 7: Performance Baseline

[[ATTACHMENT|../../test-results/comprehensive-validation-C-837b3-st-Suite-Validation-Summary-chromium/test-failed-1.png]]

[[ATTACHMENT|../../test-results/comprehensive-validation-C-837b3-st-Suite-Validation-Summary-chromium/video.webm]]

[[ATTACHMENT|../../test-results/comprehensive-validation-C-837b3-st-Suite-Validation-Summary-chromium/error-context.md]]
]]>
</system-out>
</testcase>
<testcase name="Comprehensive E2E Validation â€º E2E Test Infrastructure Validation" classname="comprehensive-validation.spec.js" time="15.911">
<system-out>
<![CDATA[ðŸ”§ Validating E2E test infrastructure
   Testing TestHelpers utilities:
     âœ“ navigateToPage() working
     âœ“ elementExists() working: true
     âœ“ takeScreenshot() working
     âœ“ getCurrentPath() working: /
     âœ“ getPerformanceMetrics() working
     âœ“ isAuthenticated() working: false
   Testing fixtures and test data:
     âœ“ Sample entries available: 4
     âœ“ Sample chat messages available: 4
     âœ“ User flows available: 2

ðŸ”§ E2E Infrastructure Status: Ready for Testing
]]>
</system-out>
</testcase>
</testsuite>
</testsuites>